#
# A fatal error has been detected by the Java Runtime Environment:
#
#  SIGSEGV (0xb) at pc=0x000000010e448358, pid=4461, tid=18695
#
# JRE version: Java(TM) SE Runtime Environment (8.0_91-b14) (build 1.8.0_91-b14)
# Java VM: Java HotSpot(TM) 64-Bit Server VM (25.91-b14 mixed mode bsd-amd64 compressed oops)
# Problematic frame:
# V  [libjvm.dylib+0x448358]
#
# Failed to write core dump. Core dumps have been disabled. To enable core dumping, try "ulimit -c unlimited" before starting Java again
#
# If you would like to submit a bug report, please visit:
#   http://bugreport.java.com/bugreport/crash.jsp
#

---------------  T H R E A D  ---------------

Current thread (0x00007fd22983e000):  JavaThread "JDWP Transport Listener: dt_socket" daemon [_thread_in_vm, id=18695, stack(0x0000700010995000,0x0000700010a95000)]

siginfo: si_signo: 11 (SIGSEGV), si_code: 0 (unknown), si_addr: 0x0000000000000000

Registers:
RAX=0x0000000000000001, RBX=0x0000700010a94aab, RCX=0x000000010e818340, RDX=0x0000700010a94aab
RSP=0x0000700010a949f0, RBP=0x0000700010a94a00, RSI=0x00007fd22983e000, RDI=0x0004000000000000
R8 =0x0000000000000000, R9 =0x00007fd22af97bd0, R10=0x0000000000000001, R11=0x0000000000000001
R12=0x00007fd22983e000, R13=0x0004000000000000, R14=0x0004000000000000, R15=0x00007fd228704a20
RIP=0x000000010e448358, EFLAGS=0x0000000000010206, ERR=0x0000000000000000
  TRAPNO=0x000000000000000d

Top of Stack: (sp=0x0000700010a949f0)
0x0000700010a949f0:   0000700010a94aab 0000700010a94aab
0x0000700010a94a00:   0000700010a94a60 000000010e357316
0x0000700010a94a10:   00007fd22983e000 0000000000000000
0x0000700010a94a20:   0000000000000000 0000000000000000
0x0000700010a94a30:   00007fd22983e000 00007fd22983e000
0x0000700010a94a40:   0000700010a94aab 0000700010a94ab0
0x0000700010a94a50:   0004000000000000 0000000000000007
0x0000700010a94a60:   0000700010a94a80 000000010efb4780
0x0000700010a94a70:   0000000000000001 0000700010a94b28
0x0000700010a94a80:   0000700010a94af0 000000010ef991f3
0x0000700010a94a90:   0000700010a94ac0 00007fd22af97b10
0x0000700010a94aa0:   0000000800000032 0000000100a94b28
0x0000700010a94ab0:   0000000000000000 0000000000000000
0x0000700010a94ac0:   0000000000000000 0000700010a94cb0
0x0000700010a94ad0:   000000010efbbe7a 00007fd22ab7c6d0
0x0000700010a94ae0:   0000700010a94b28 000000010efc7598
0x0000700010a94af0:   0000700010a94b00 000000010ef992ec
0x0000700010a94b00:   0000700010a94d20 000000010efa2898
0x0000700010a94b10:   0001868200000013 00000000000f0200
0x0000700010a94b20:   00007fd22852e170 00007fd229cc684e
0x0000700010a94b30:   00007fd200000462 00007fd22af97b50
0x0000700010a94b40:   00007fd20000012c 0000700010a94b78
0x0000700010a94b50:   00007fd22adc8660 0000000000000000
0x0000700010a94b60:   000186820000000f 0000000000000080
0x0000700010a94b70:   0000700010a94b78 d27f000008000000
0x0000700010a94b80:   0600000078c47428 00003e74696e693c
0x0000700010a94b90:   0000005629280300 7f00000100000000
0x0000700010a94ba0:   000000f8c4042bd2 246164626d616c11
0x0000700010a94bb0:   656c646e61486f64 4c28230000003224
0x0000700010a94bc0:   6974752f6176616a 4c293b70614d2f6c
0x0000700010a94bd0:   6e616c2f6176616a 676e697274532f67
0x0000700010a94be0:   1000f0000000003b c5042bd27f00000a 

Instructions: (pc=0x000000010e448358)
0x000000010e448338:   40 48 48 85 c0 75 e0 30 c0 0f b6 c0 5d c3 31 c0
0x000000010e448348:   5d c3 55 48 89 e5 53 48 83 ec 08 48 85 ff 74 24
0x000000010e448358:   48 8b 1f 48 85 db 74 1c 48 83 fb 37 74 16 48 8b
0x000000010e448368:   03 48 89 df ff 50 10 84 c0 b8 00 00 00 00 48 0f 

Register to memory mapping:

RAX=0x0000000000000001 is an unknown value
RBX=0x0000700010a94aab is pointing into the stack for thread: 0x00007fd22983e000
RCX=0x000000010e818340: UseMembar+0 in /Library/Java/JavaVirtualMachines/jdk1.8.0_91.jdk/Contents/Home/jre/lib/server/libjvm.dylib at 0x000000010e000000
RDX=0x0000700010a94aab is pointing into the stack for thread: 0x00007fd22983e000
RSP=0x0000700010a949f0 is pointing into the stack for thread: 0x00007fd22983e000
RBP=0x0000700010a94a00 is pointing into the stack for thread: 0x00007fd22983e000
RSI=0x00007fd22983e000 is a thread
RDI=0x0004000000000000 is an unknown value
R8 =0x0000000000000000 is an unknown value
R9 =0x00007fd22af97bd0 is an unknown value
R10=0x0000000000000001 is an unknown value
R11=0x0000000000000001 is an unknown value
R12=0x00007fd22983e000 is a thread
R13=0x0004000000000000 is an unknown value
R14=0x0004000000000000 is an unknown value
R15=0x00007fd228704a20 is an unknown value


Stack: [0x0000700010995000,0x0000700010a95000],  sp=0x0000700010a949f0,  free space=1022k
Native frames: (J=compiled Java code, j=interpreted, Vv=VM code, C=native code)
V  [libjvm.dylib+0x448358]
V  [libjvm.dylib+0x357316]
C  [libjdwp.dylib+0x20780]  isMethodSynthetic+0x63
C  [libjdwp.dylib+0x51f3]  methods1+0x10b
C  [libjdwp.dylib+0x52ec]  methodsWithGeneric+0xe
C  [libjdwp.dylib+0xe898]  debugLoop_run+0x1ce
C  [libjdwp.dylib+0x1f6ba]  attachThread+0x4d
V  [libjvm.dylib+0x39867c]
V  [libjvm.dylib+0x563d17]
V  [libjvm.dylib+0x565412]
V  [libjvm.dylib+0x484f82]
C  [libsystem_pthread.dylib+0x333d]  _pthread_body+0x7e
C  [libsystem_pthread.dylib+0x62a7]  _pthread_start+0x46
C  [libsystem_pthread.dylib+0x2425]  thread_start+0xd
C  0x0000000000000000


---------------  P R O C E S S  ---------------

Java Threads: ( => current thread )
  0x00007fd228b43000 JavaThread "DestroyJavaVM" [_thread_blocked, id=6147, stack(0x000070001007a000,0x000070001017a000)]
  0x00007fd22a249000 JavaThread "http-nio-8080-AsyncTimeout" daemon [_thread_blocked, id=37123, stack(0x0000700012e01000,0x0000700012f01000)]
  0x00007fd229d8f000 JavaThread "http-nio-8080-Acceptor-0" daemon [_thread_in_native, id=37379, stack(0x0000700012cfe000,0x0000700012dfe000)]
  0x00007fd22a5aa800 JavaThread "http-nio-8080-ClientPoller-1" daemon [_thread_in_native, id=37891, stack(0x0000700012bfb000,0x0000700012cfb000)]
  0x00007fd2292cc000 JavaThread "http-nio-8080-ClientPoller-0" daemon [_thread_in_native, id=28163, stack(0x0000700012af8000,0x0000700012bf8000)]
  0x00007fd229514800 JavaThread "http-nio-8080-exec-10" daemon [_thread_blocked, id=27907, stack(0x00007000129f5000,0x0000700012af5000)]
  0x00007fd229d8e800 JavaThread "http-nio-8080-exec-9" daemon [_thread_blocked, id=38659, stack(0x00007000128f2000,0x00007000129f2000)]
  0x00007fd228b35000 JavaThread "http-nio-8080-exec-8" daemon [_thread_blocked, id=38915, stack(0x00007000127ef000,0x00007000128ef000)]
  0x00007fd228b34800 JavaThread "http-nio-8080-exec-7" daemon [_thread_blocked, id=39427, stack(0x00007000126ec000,0x00007000127ec000)]
  0x00007fd22a5a4800 JavaThread "http-nio-8080-exec-6" daemon [_thread_blocked, id=39939, stack(0x00007000125e9000,0x00007000126e9000)]
  0x00007fd228b3e000 JavaThread "http-nio-8080-exec-5" daemon [_thread_blocked, id=40195, stack(0x00007000124e6000,0x00007000125e6000)]
  0x00007fd228b39800 JavaThread "http-nio-8080-exec-4" daemon [_thread_blocked, id=26627, stack(0x00007000123e3000,0x00007000124e3000)]
  0x00007fd22a5a4000 JavaThread "http-nio-8080-exec-3" daemon [_thread_blocked, id=26371, stack(0x00007000122e0000,0x00007000123e0000)]
  0x00007fd229d8d800 JavaThread "http-nio-8080-exec-2" daemon [_thread_blocked, id=40963, stack(0x00007000121dd000,0x00007000122dd000)]
  0x00007fd22a598800 JavaThread "http-nio-8080-exec-1" daemon [_thread_blocked, id=41475, stack(0x00007000120da000,0x00007000121da000)]
  0x00007fd22a5a6000 JavaThread "NioBlockingSelector.BlockPoller-1" daemon [_thread_in_native, id=25867, stack(0x0000700011fd7000,0x00007000120d7000)]
  0x00007fd228b10800 JavaThread "Druid-ConnectionPool-Destroy-1413306467" daemon [_thread_blocked, id=42243, stack(0x0000700011bcb000,0x0000700011ccb000)]
  0x00007fd229d0a000 JavaThread "Druid-ConnectionPool-Create-1413306467" daemon [_thread_blocked, id=24323, stack(0x0000700011ac8000,0x0000700011bc8000)]
  0x00007fd22a572800 JavaThread "Abandoned connection cleanup thread" daemon [_thread_blocked, id=23815, stack(0x00007000119c5000,0x0000700011ac5000)]
  0x00007fd229446800 JavaThread "container-0" [_thread_blocked, id=23303, stack(0x00007000118c2000,0x00007000119c2000)]
  0x00007fd228aed800 JavaThread "ContainerBackgroundProcessor[StandardEngine[Tomcat]]" daemon [_thread_blocked, id=42783, stack(0x00007000117bf000,0x00007000118bf000)]
  0x00007fd229916000 JavaThread "RMI TCP Accept-0" daemon [_thread_in_native, id=12559, stack(0x00007000115b9000,0x00007000116b9000)]
  0x00007fd2291ad000 JavaThread "RMI Scheduler(0)" daemon [_thread_blocked, id=22275, stack(0x00007000114b6000,0x00007000115b6000)]
  0x00007fd22a264000 JavaThread "RMI TCP Accept-53082" daemon [_thread_in_native, id=16643, stack(0x00007000111ad000,0x00007000112ad000)]
  0x00007fd22a252800 JavaThread "RMI TCP Accept-0" daemon [_thread_in_native, id=15619, stack(0x00007000110aa000,0x00007000111aa000)]
  0x00007fd22a01f000 JavaThread "Service Thread" daemon [_thread_blocked, id=15107, stack(0x0000700010fa7000,0x00007000110a7000)]
  0x00007fd22911b000 JavaThread "C1 CompilerThread2" daemon [_thread_blocked, id=14851, stack(0x0000700010ea4000,0x0000700010fa4000)]
  0x00007fd228856000 JavaThread "C2 CompilerThread1" daemon [_thread_blocked, id=17411, stack(0x0000700010da1000,0x0000700010ea1000)]
  0x00007fd22989d000 JavaThread "C2 CompilerThread0" daemon [_thread_blocked, id=17923, stack(0x0000700010c9e000,0x0000700010d9e000)]
  0x00007fd22983f800 JavaThread "JDWP Command Reader" daemon [_thread_in_native, id=14339, stack(0x0000700010b9b000,0x0000700010c9b000)]
  0x00007fd22983e800 JavaThread "JDWP Event Helper Thread" daemon [_thread_blocked, id=18435, stack(0x0000700010a98000,0x0000700010b98000)]
=>0x00007fd22983e000 JavaThread "JDWP Transport Listener: dt_socket" daemon [_thread_in_vm, id=18695, stack(0x0000700010995000,0x0000700010a95000)]
  0x00007fd22a011000 JavaThread "Signal Dispatcher" daemon [_thread_blocked, id=18947, stack(0x0000700010892000,0x0000700010992000)]
  0x00007fd22884d000 JavaThread "Finalizer" daemon [_thread_blocked, id=20483, stack(0x000070001078f000,0x000070001088f000)]
  0x00007fd22a00a800 JavaThread "Reference Handler" daemon [_thread_blocked, id=11523, stack(0x000070001068c000,0x000070001078c000)]

Other Threads:
  0x00007fd229015800 VMThread [stack: 0x0000700010589000,0x0000700010689000] [id=20995]
  0x00007fd2291df000 WatcherThread [stack: 0x00007000116bc000,0x00007000117bc000] [id=43043]

VM state:not at safepoint (normal execution)

VM Mutex/Monitor currently owned by a thread: None

Heap:
 PSYoungGen      total 259584K, used 71150K [0x0000000795580000, 0x00000007ac780000, 0x00000007c0000000)
  eden space 243200K, 22% used [0x0000000795580000,0x0000000798b2ab90,0x00000007a4300000)
  from space 16384K, 98% used [0x00000007a4300000,0x00000007a52d0d90,0x00000007a5300000)
  to   space 18944K, 0% used [0x00000007ab500000,0x00000007ab500000,0x00000007ac780000)
 ParOldGen       total 72192K, used 20919K [0x0000000740000000, 0x0000000744680000, 0x0000000795580000)
  object space 72192K, 28% used [0x0000000740000000,0x000000074146df30,0x0000000744680000)
 Metaspace       used 50154K, capacity 52154K, committed 52480K, reserved 1095680K
  class space    used 6454K, capacity 6828K, committed 6912K, reserved 1048576K

Card table byte_map: [0x000000010f410000,0x000000010f811000] byte_map_base: 0x000000010ba10000

Marking Bits: (ParMarkBitMap*) 0x000000010e8e6eb0
 Begin Bits: [0x000000010fabc000, 0x0000000111abc000)
 End Bits:   [0x0000000111abc000, 0x0000000113abc000)

Polling page: 0x000000010d7bf000

CodeCache: size=245760Kb used=9538Kb max_used=9890Kb free=236221Kb
 bounds [0x0000000117d90000, 0x0000000118740000, 0x0000000126d90000]
 total_blobs=5166 nmethods=4644 adapters=442
 compilation: enabled

Compilation events (10 events):
Event: 309.953 Thread 0x00007fd22911b000 4771       1       java.util.concurrent.ScheduledThreadPoolExecutor$DelayedWorkQueue::setIndex (16 bytes)
Event: 309.953 Thread 0x00007fd22911b000 nmethod 4771 0x00000001184032d0 code [0x0000000118403440, 0x00000001184035d0]
Event: 342.101 Thread 0x00007fd22911b000 4772       1       java.util.EventObject::getSource (5 bytes)
Event: 342.101 Thread 0x00007fd22911b000 nmethod 4772 0x0000000118101ad0 code [0x0000000118101c20, 0x0000000118101d30]
Event: 352.106 Thread 0x00007fd22911b000 4773       1       org.apache.catalina.valves.ValveBase::backgroundProcess (1 bytes)
Event: 352.106 Thread 0x00007fd22911b000 nmethod 4773 0x0000000118403010 code [0x0000000118403160, 0x0000000118403270]
Event: 402.124 Thread 0x00007fd22911b000 4774   !   1       org.apache.catalina.core.ContainerBase::findChildren (42 bytes)
Event: 402.125 Thread 0x00007fd22911b000 nmethod 4774 0x00000001184027d0 code [0x0000000118402960, 0x0000000118402d98]
Event: 402.126 Thread 0x00007fd22911b000 4775       1       java.util.TreeSet::add (22 bytes)
Event: 402.126 Thread 0x00007fd22911b000 nmethod 4775 0x0000000118655150 code [0x00000001186552c0, 0x0000000118655428]

GC Heap History (10 events):
Event: 7.572 GC heap before
{Heap before GC invocations=7 (full 1):
 PSYoungGen      total 71680K, used 66560K [0x0000000795580000, 0x000000079e880000, 0x00000007c0000000)
  eden space 66560K, 100% used [0x0000000795580000,0x0000000799680000,0x0000000799680000)
  from space 5120K, 0% used [0x0000000799680000,0x0000000799680000,0x0000000799b80000)
  to   space 8704K, 0% used [0x000000079e000000,0x000000079e000000,0x000000079e880000)
 ParOldGen       total 44032K, used 5488K [0x0000000740000000, 0x0000000742b00000, 0x0000000795580000)
  object space 44032K, 12% used [0x0000000740000000,0x000000074055c0c8,0x0000000742b00000)
 Metaspace       used 23175K, capacity 23882K, committed 24064K, reserved 1071104K
  class space    used 3044K, capacity 3243K, committed 3328K, reserved 1048576K
Event: 7.581 GC heap after
Heap after GC invocations=7 (full 1):
 PSYoungGen      total 135680K, used 6950K [0x0000000795580000, 0x000000079e700000, 0x00000007c0000000)
  eden space 128512K, 0% used [0x0000000795580000,0x0000000795580000,0x000000079d300000)
  from space 7168K, 96% used [0x000000079e000000,0x000000079e6c9b78,0x000000079e700000)
  to   space 9216K, 0% used [0x000000079d500000,0x000000079d500000,0x000000079de00000)
 ParOldGen       total 44032K, used 5496K [0x0000000740000000, 0x0000000742b00000, 0x0000000795580000)
  object space 44032K, 12% used [0x0000000740000000,0x000000074055e0c8,0x0000000742b00000)
 Metaspace       used 23175K, capacity 23882K, committed 24064K, reserved 1071104K
  class space    used 3044K, capacity 3243K, committed 3328K, reserved 1048576K
}
Event: 8.750 GC heap before
{Heap before GC invocations=8 (full 1):
 PSYoungGen      total 135680K, used 135462K [0x0000000795580000, 0x000000079e700000, 0x00000007c0000000)
  eden space 128512K, 100% used [0x0000000795580000,0x000000079d300000,0x000000079d300000)
  from space 7168K, 96% used [0x000000079e000000,0x000000079e6c9b78,0x000000079e700000)
  to   space 9216K, 0% used [0x000000079d500000,0x000000079d500000,0x000000079de00000)
 ParOldGen       total 44032K, used 5496K [0x0000000740000000, 0x0000000742b00000, 0x0000000795580000)
  object space 44032K, 12% used [0x0000000740000000,0x000000074055e0c8,0x0000000742b00000)
 Metaspace       used 31036K, capacity 32346K, committed 32640K, reserved 1077248K
  class space    used 4165K, capacity 4425K, committed 4480K, reserved 1048576K
Event: 8.768 GC heap after
Heap after GC invocations=8 (full 1):
 PSYoungGen      total 139776K, used 9193K [0x0000000795580000, 0x00000007a6000000, 0x00000007c0000000)
  eden space 130560K, 0% used [0x0000000795580000,0x0000000795580000,0x000000079d500000)
  from space 9216K, 99% used [0x000000079d500000,0x000000079ddfa6b0,0x000000079de00000)
  to   space 13312K, 0% used [0x00000007a5300000,0x00000007a5300000,0x00000007a6000000)
 ParOldGen       total 44032K, used 11875K [0x0000000740000000, 0x0000000742b00000, 0x0000000795580000)
  object space 44032K, 26% used [0x0000000740000000,0x0000000740b98d90,0x0000000742b00000)
 Metaspace       used 31036K, capacity 32346K, committed 32640K, reserved 1077248K
  class space    used 4165K, capacity 4425K, committed 4480K, reserved 1048576K
}
Event: 9.234 GC heap before
{Heap before GC invocations=9 (full 1):
 PSYoungGen      total 139776K, used 61424K [0x0000000795580000, 0x00000007a6000000, 0x00000007c0000000)
  eden space 130560K, 40% used [0x0000000795580000,0x0000000798881b90,0x000000079d500000)
  from space 9216K, 99% used [0x000000079d500000,0x000000079ddfa6b0,0x000000079de00000)
  to   space 13312K, 0% used [0x00000007a5300000,0x00000007a5300000,0x00000007a6000000)
 ParOldGen       total 44032K, used 11875K [0x0000000740000000, 0x0000000742b00000, 0x0000000795580000)
  object space 44032K, 26% used [0x0000000740000000,0x0000000740b98d90,0x0000000742b00000)
 Metaspace       used 34020K, capacity 35420K, committed 35496K, reserved 1079296K
  class space    used 4522K, capacity 4806K, committed 4864K, reserved 1048576K
Event: 9.252 GC heap after
Heap after GC invocations=9 (full 1):
 PSYoungGen      total 256512K, used 13291K [0x0000000795580000, 0x00000007a6980000, 0x00000007c0000000)
  eden space 243200K, 0% used [0x0000000795580000,0x0000000795580000,0x00000007a4300000)
  from space 13312K, 99% used [0x00000007a5300000,0x00000007a5ffac40,0x00000007a6000000)
  to   space 16384K, 0% used [0x00000007a4300000,0x00000007a4300000,0x00000007a5300000)
 ParOldGen       total 44032K, used 14509K [0x0000000740000000, 0x0000000742b00000, 0x0000000795580000)
  object space 44032K, 32% used [0x0000000740000000,0x0000000740e2b6a0,0x0000000742b00000)
 Metaspace       used 34020K, capacity 35420K, committed 35496K, reserved 1079296K
  class space    used 4522K, capacity 4806K, committed 4864K, reserved 1048576K
}
Event: 9.252 GC heap before
{Heap before GC invocations=10 (full 2):
 PSYoungGen      total 256512K, used 13291K [0x0000000795580000, 0x00000007a6980000, 0x00000007c0000000)
  eden space 243200K, 0% used [0x0000000795580000,0x0000000795580000,0x00000007a4300000)
  from space 13312K, 99% used [0x00000007a5300000,0x00000007a5ffac40,0x00000007a6000000)
  to   space 16384K, 0% used [0x00000007a4300000,0x00000007a4300000,0x00000007a5300000)
 ParOldGen       total 44032K, used 14509K [0x0000000740000000, 0x0000000742b00000, 0x0000000795580000)
  object space 44032K, 32% used [0x0000000740000000,0x0000000740e2b6a0,0x0000000742b00000)
 Metaspace       used 34020K, capacity 35420K, committed 35496K, reserved 1079296K
  class space    used 4522K, capacity 4806K, committed 4864K, reserved 1048576K
Event: 9.318 GC heap after
Heap after GC invocations=10 (full 2):
 PSYoungGen      total 256512K, used 0K [0x0000000795580000, 0x00000007a6980000, 0x00000007c0000000)
  eden space 243200K, 0% used [0x0000000795580000,0x0000000795580000,0x00000007a4300000)
  from space 13312K, 0% used [0x00000007a5300000,0x00000007a5300000,0x00000007a6000000)
  to   space 16384K, 0% used [0x00000007a4300000,0x00000007a4300000,0x00000007a5300000)
 ParOldGen       total 72192K, used 20911K [0x0000000740000000, 0x0000000744680000, 0x0000000795580000)
  object space 72192K, 28% used [0x0000000740000000,0x000000074146bf30,0x0000000744680000)
 Metaspace       used 34020K, capacity 35420K, committed 35496K, reserved 1079296K
  class space    used 4522K, capacity 4806K, committed 4864K, reserved 1048576K
}
Event: 14.230 GC heap before
{Heap before GC invocations=11 (full 2):
 PSYoungGen      total 256512K, used 243200K [0x0000000795580000, 0x00000007a6980000, 0x00000007c0000000)
  eden space 243200K, 100% used [0x0000000795580000,0x00000007a4300000,0x00000007a4300000)
  from space 13312K, 0% used [0x00000007a5300000,0x00000007a5300000,0x00000007a6000000)
  to   space 16384K, 0% used [0x00000007a4300000,0x00000007a4300000,0x00000007a5300000)
 ParOldGen       total 72192K, used 20911K [0x0000000740000000, 0x0000000744680000, 0x0000000795580000)
  object space 72192K, 28% used [0x0000000740000000,0x000000074146bf30,0x0000000744680000)
 Metaspace       used 45656K, capacity 47578K, committed 47872K, reserved 1091584K
  class space    used 5962K, capacity 6320K, committed 6400K, reserved 1048576K
Event: 14.256 GC heap after
Heap after GC invocations=11 (full 2):
 PSYoungGen      total 259584K, used 16195K [0x0000000795580000, 0x00000007ac780000, 0x00000007c0000000)
  eden space 243200K, 0% used [0x0000000795580000,0x0000000795580000,0x00000007a4300000)
  from space 16384K, 98% used [0x00000007a4300000,0x00000007a52d0d90,0x00000007a5300000)
  to   space 18944K, 0% used [0x00000007ab500000,0x00000007ab500000,0x00000007ac780000)
 ParOldGen       total 72192K, used 20919K [0x0000000740000000, 0x0000000744680000, 0x0000000795580000)
  object space 72192K, 28% used [0x0000000740000000,0x000000074146df30,0x0000000744680000)
 Metaspace       used 45656K, capacity 47578K, committed 47872K, reserved 1091584K
  class space    used 5962K, capacity 6320K, committed 6400K, reserved 1048576K
}

Deoptimization events (0 events):
No events

Internal exceptions (10 events):
Event: 131.215 Thread 0x00007fd228b39800 Exception <a 'java/lang/reflect/InvocationTargetException'> (0x000000079867e9f0) thrown at [/Users/java_re/workspace/8-2-build-macosx-x86_64/jdk8u91/6644/hotspot/src/share/vm/runtime/reflection.cpp, line 1092]
Event: 131.215 Thread 0x00007fd228b39800 Exception <a 'java/lang/reflect/InvocationTargetException'> (0x0000000798680fa8) thrown at [/Users/java_re/workspace/8-2-build-macosx-x86_64/jdk8u91/6644/hotspot/src/share/vm/runtime/reflection.cpp, line 1092]
Event: 131.215 Thread 0x00007fd228b39800 Exception <a 'java/lang/reflect/InvocationTargetException'> (0x0000000798684ed0) thrown at [/Users/java_re/workspace/8-2-build-macosx-x86_64/jdk8u91/6644/hotspot/src/share/vm/runtime/reflection.cpp, line 1092]
Event: 131.215 Thread 0x00007fd228b39800 Exception <a 'java/lang/reflect/InvocationTargetException'> (0x00000007986854b0) thrown at [/Users/java_re/workspace/8-2-build-macosx-x86_64/jdk8u91/6644/hotspot/src/share/vm/runtime/reflection.cpp, line 1092]
Event: 131.215 Thread 0x00007fd228b39800 Exception <a 'java/lang/reflect/InvocationTargetException'> (0x0000000798685a90) thrown at [/Users/java_re/workspace/8-2-build-macosx-x86_64/jdk8u91/6644/hotspot/src/share/vm/runtime/reflection.cpp, line 1092]
Event: 202.067 Thread 0x00007fd228b3e000 Exception <a 'java/lang/reflect/InvocationTargetException'> (0x00000007987c56b8) thrown at [/Users/java_re/workspace/8-2-build-macosx-x86_64/jdk8u91/6644/hotspot/src/share/vm/runtime/reflection.cpp, line 1092]
Event: 202.067 Thread 0x00007fd228b3e000 Exception <a 'java/lang/reflect/InvocationTargetException'> (0x00000007987c7d90) thrown at [/Users/java_re/workspace/8-2-build-macosx-x86_64/jdk8u91/6644/hotspot/src/share/vm/runtime/reflection.cpp, line 1092]
Event: 202.067 Thread 0x00007fd228b3e000 Exception <a 'java/lang/reflect/InvocationTargetException'> (0x00000007987cbea0) thrown at [/Users/java_re/workspace/8-2-build-macosx-x86_64/jdk8u91/6644/hotspot/src/share/vm/runtime/reflection.cpp, line 1092]
Event: 202.067 Thread 0x00007fd228b3e000 Exception <a 'java/lang/reflect/InvocationTargetException'> (0x00000007987cc480) thrown at [/Users/java_re/workspace/8-2-build-macosx-x86_64/jdk8u91/6644/hotspot/src/share/vm/runtime/reflection.cpp, line 1092]
Event: 202.067 Thread 0x00007fd228b3e000 Exception <a 'java/lang/reflect/InvocationTargetException'> (0x00000007987cca60) thrown at [/Users/java_re/workspace/8-2-build-macosx-x86_64/jdk8u91/6644/hotspot/src/share/vm/runtime/reflection.cpp, line 1092]

Events (10 events):
Event: 395.176 Executing VM operation: ChangeBreakpoints
Event: 395.177 Executing VM operation: ChangeBreakpoints done
Event: 404.342 Executing VM operation: ChangeBreakpoints
Event: 404.342 Executing VM operation: ChangeBreakpoints done
Event: 404.354 Executing VM operation: ChangeBreakpoints
Event: 404.358 Executing VM operation: ChangeBreakpoints done
Event: 415.170 Executing VM operation: ChangeBreakpoints
Event: 415.170 Executing VM operation: ChangeBreakpoints done
Event: 415.179 Executing VM operation: RedefineClasses
Event: 415.223 Executing VM operation: RedefineClasses done


Dynamic libraries:
0x0000000024e17000 	/System/Library/Frameworks/Cocoa.framework/Versions/A/Cocoa
0x0000000024e17000 	/System/Library/Frameworks/Security.framework/Versions/A/Security
0x0000000024e17000 	/System/Library/Frameworks/ApplicationServices.framework/Versions/A/ApplicationServices
0x0000000024e17000 	/usr/lib/libz.1.dylib
0x0000000024e17000 	/usr/lib/libSystem.B.dylib
0x0000000024e17000 	/usr/lib/libobjc.A.dylib
0x0000000024e17000 	/System/Library/Frameworks/CoreFoundation.framework/Versions/A/CoreFoundation
0x0000000024e17000 	/System/Library/Frameworks/Foundation.framework/Versions/C/Foundation
0x0000000024e17000 	/System/Library/Frameworks/AppKit.framework/Versions/C/AppKit
0x0000000024e17000 	/System/Library/Frameworks/CoreData.framework/Versions/A/CoreData
0x0000000024e17000 	/System/Library/PrivateFrameworks/RemoteViewServices.framework/Versions/A/RemoteViewServices
0x0000000024e17000 	/System/Library/PrivateFrameworks/UIFoundation.framework/Versions/A/UIFoundation
0x0000000024e17000 	/System/Library/PrivateFrameworks/XCTTargetBootstrap.framework/Versions/A/XCTTargetBootstrap
0x0000000024e17000 	/System/Library/PrivateFrameworks/IconServices.framework/Versions/A/IconServices
0x0000000024e17000 	/System/Library/Frameworks/Metal.framework/Versions/A/Metal
0x0000000024e17000 	/System/Library/PrivateFrameworks/DesktopServicesPriv.framework/Versions/A/DesktopServicesPriv
0x0000000024e17000 	/usr/lib/libenergytrace.dylib
0x0000000024e17000 	/System/Library/PrivateFrameworks/SkyLight.framework/Versions/A/SkyLight
0x0000000024e17000 	/System/Library/Frameworks/CoreGraphics.framework/Versions/A/CoreGraphics
0x0000000024e17000 	/System/Library/Frameworks/Accelerate.framework/Versions/A/Accelerate
0x0000000024e17000 	/System/Library/Frameworks/IOSurface.framework/Versions/A/IOSurface
0x0000000024e17000 	/System/Library/PrivateFrameworks/DFRFoundation.framework/Versions/A/DFRFoundation
0x0000000024e17000 	/System/Library/Frameworks/AudioToolbox.framework/Versions/A/AudioToolbox
0x0000000024e17000 	/System/Library/Frameworks/AudioUnit.framework/Versions/A/AudioUnit
0x0000000024e17000 	/System/Library/PrivateFrameworks/DataDetectorsCore.framework/Versions/A/DataDetectorsCore
0x0000000024e17000 	/System/Library/Frameworks/Carbon.framework/Versions/A/Frameworks/HIToolbox.framework/Versions/A/HIToolbox
0x0000000024e17000 	/usr/lib/libicucore.A.dylib
0x0000000024e17000 	/System/Library/Frameworks/QuartzCore.framework/Versions/A/QuartzCore
0x0000000024e17000 	/System/Library/Frameworks/Carbon.framework/Versions/A/Frameworks/SpeechRecognition.framework/Versions/A/SpeechRecognition
0x0000000024e17000 	/usr/lib/libauto.dylib
0x0000000024e17000 	/usr/lib/libxml2.2.dylib
0x0000000024e17000 	/System/Library/PrivateFrameworks/CoreUI.framework/Versions/A/CoreUI
0x0000000024e17000 	/System/Library/Frameworks/CoreAudio.framework/Versions/A/CoreAudio
0x0000000024e17000 	/System/Library/Frameworks/DiskArbitration.framework/Versions/A/DiskArbitration
0x0000000024e17000 	/usr/lib/liblangid.dylib
0x0000000024e17000 	/System/Library/PrivateFrameworks/MultitouchSupport.framework/Versions/A/MultitouchSupport
0x0000000024e17000 	/System/Library/Frameworks/IOKit.framework/Versions/A/IOKit
0x0000000024e17000 	/usr/lib/libDiagnosticMessagesClient.dylib
0x0000000024e17000 	/System/Library/Frameworks/CoreServices.framework/Versions/A/CoreServices
0x0000000024e17000 	/System/Library/PrivateFrameworks/PerformanceAnalysis.framework/Versions/A/PerformanceAnalysis
0x0000000024e17000 	/System/Library/Frameworks/OpenGL.framework/Versions/A/OpenGL
0x0000000024e17000 	/System/Library/Frameworks/ColorSync.framework/Versions/A/ColorSync
0x0000000024e17000 	/System/Library/Frameworks/CoreImage.framework/Versions/A/CoreImage
0x0000000024e17000 	/System/Library/Frameworks/CoreText.framework/Versions/A/CoreText
0x0000000024e17000 	/System/Library/Frameworks/ImageIO.framework/Versions/A/ImageIO
0x0000000024e17000 	/System/Library/PrivateFrameworks/Backup.framework/Versions/A/Backup
0x0000000024e17000 	/usr/lib/libarchive.2.dylib
0x0000000024e17000 	/System/Library/Frameworks/CFNetwork.framework/Versions/A/CFNetwork
0x0000000024e17000 	/System/Library/Frameworks/SystemConfiguration.framework/Versions/A/SystemConfiguration
0x0000000024e17000 	/usr/lib/libCRFSuite.dylib
0x0000000024e17000 	/usr/lib/libc++.1.dylib
0x0000000024e17000 	/usr/lib/libc++abi.dylib
0x0000000024e17000 	/usr/lib/system/libcache.dylib
0x0000000024e17000 	/usr/lib/system/libcommonCrypto.dylib
0x0000000024e17000 	/usr/lib/system/libcompiler_rt.dylib
0x0000000024e17000 	/usr/lib/system/libcopyfile.dylib
0x0000000024e17000 	/usr/lib/system/libcorecrypto.dylib
0x0000000024e17000 	/usr/lib/system/libdispatch.dylib
0x0000000024e17000 	/usr/lib/system/libdyld.dylib
0x0000000024e17000 	/usr/lib/system/libkeymgr.dylib
0x0000000024e17000 	/usr/lib/system/liblaunch.dylib
0x0000000024e17000 	/usr/lib/system/libmacho.dylib
0x0000000024e17000 	/usr/lib/system/libquarantine.dylib
0x0000000024e17000 	/usr/lib/system/libremovefile.dylib
0x0000000024e17000 	/usr/lib/system/libsystem_asl.dylib
0x0000000024e17000 	/usr/lib/system/libsystem_blocks.dylib
0x0000000024e17000 	/usr/lib/system/libsystem_c.dylib
0x0000000024e17000 	/usr/lib/system/libsystem_configuration.dylib
0x0000000024e17000 	/usr/lib/system/libsystem_coreservices.dylib
0x0000000024e17000 	/usr/lib/system/libsystem_darwin.dylib
0x0000000024e17000 	/usr/lib/system/libsystem_dnssd.dylib
0x0000000024e17000 	/usr/lib/system/libsystem_info.dylib
0x0000000024e17000 	/usr/lib/system/libsystem_m.dylib
0x0000000024e17000 	/usr/lib/system/libsystem_malloc.dylib
0x0000000024e17000 	/usr/lib/system/libsystem_networkextension.dylib
0x0000000024e17000 	/usr/lib/system/libsystem_notify.dylib
0x0000000024e17000 	/usr/lib/system/libsystem_sandbox.dylib
0x0000000024e17000 	/usr/lib/system/libsystem_secinit.dylib
0x0000000024e17000 	/usr/lib/system/libsystem_kernel.dylib
0x0000000024e17000 	/usr/lib/system/libsystem_platform.dylib
0x0000000024e17000 	/usr/lib/system/libsystem_pthread.dylib
0x0000000024e17000 	/usr/lib/system/libsystem_symptoms.dylib
0x0000000024e17000 	/usr/lib/system/libsystem_trace.dylib
0x0000000024e17000 	/usr/lib/system/libunwind.dylib
0x0000000024e17000 	/usr/lib/system/libxpc.dylib
0x0000000024e17000 	/usr/lib/libbsm.0.dylib
0x0000000024e17000 	/usr/lib/system/libkxld.dylib
0x0000000024e17000 	/System/Library/PrivateFrameworks/AppleFSCompression.framework/Versions/A/AppleFSCompression
0x0000000024e17000 	/usr/lib/libOpenScriptingUtil.dylib
0x0000000024e17000 	/usr/lib/libcoretls.dylib
0x0000000024e17000 	/usr/lib/libcoretls_cfhelpers.dylib
0x0000000024e17000 	/usr/lib/libpam.2.dylib
0x0000000024e17000 	/usr/lib/libsqlite3.dylib
0x0000000024e17000 	/usr/lib/libxar.1.dylib
0x0000000024e17000 	/usr/lib/libbz2.1.0.dylib
0x0000000024e17000 	/usr/lib/liblzma.5.dylib
0x0000000024e17000 	/usr/lib/libnetwork.dylib
0x0000000024e17000 	/usr/lib/libapple_nghttp2.dylib
0x0000000024e17000 	/usr/lib/libpcap.A.dylib
0x0000000024e17000 	/System/Library/Frameworks/CoreServices.framework/Versions/A/Frameworks/FSEvents.framework/Versions/A/FSEvents
0x0000000024e17000 	/System/Library/Frameworks/CoreServices.framework/Versions/A/Frameworks/CarbonCore.framework/Versions/A/CarbonCore
0x0000000024e17000 	/System/Library/Frameworks/CoreServices.framework/Versions/A/Frameworks/Metadata.framework/Versions/A/Metadata
0x0000000024e17000 	/System/Library/Frameworks/CoreServices.framework/Versions/A/Frameworks/OSServices.framework/Versions/A/OSServices
0x0000000024e17000 	/System/Library/Frameworks/CoreServices.framework/Versions/A/Frameworks/SearchKit.framework/Versions/A/SearchKit
0x0000000024e17000 	/System/Library/Frameworks/CoreServices.framework/Versions/A/Frameworks/AE.framework/Versions/A/AE
0x0000000024e17000 	/System/Library/Frameworks/CoreServices.framework/Versions/A/Frameworks/LaunchServices.framework/Versions/A/LaunchServices
0x0000000024e17000 	/System/Library/Frameworks/CoreServices.framework/Versions/A/Frameworks/DictionaryServices.framework/Versions/A/DictionaryServices
0x0000000024e17000 	/System/Library/Frameworks/CoreServices.framework/Versions/A/Frameworks/SharedFileList.framework/Versions/A/SharedFileList
0x0000000024e17000 	/System/Library/Frameworks/NetFS.framework/Versions/A/NetFS
0x0000000024e17000 	/System/Library/PrivateFrameworks/NetAuth.framework/Versions/A/NetAuth
0x0000000024e17000 	/System/Library/PrivateFrameworks/login.framework/Versions/A/Frameworks/loginsupport.framework/Versions/A/loginsupport
0x0000000024e17000 	/System/Library/PrivateFrameworks/TCC.framework/Versions/A/TCC
0x0000000024e17000 	/System/Library/PrivateFrameworks/CoreNLP.framework/Versions/A/CoreNLP
0x0000000024e17000 	/System/Library/PrivateFrameworks/MetadataUtilities.framework/Versions/A/MetadataUtilities
0x0000000024e17000 	/usr/lib/libmecabra.dylib
0x0000000024e17000 	/System/Library/Frameworks/ApplicationServices.framework/Versions/A/Frameworks/ATS.framework/Versions/A/ATS
0x0000000024e17000 	/System/Library/Frameworks/ApplicationServices.framework/Versions/A/Frameworks/ColorSyncLegacy.framework/Versions/A/ColorSyncLegacy
0x0000000024e17000 	/System/Library/Frameworks/ApplicationServices.framework/Versions/A/Frameworks/HIServices.framework/Versions/A/HIServices
0x0000000024e17000 	/System/Library/Frameworks/ApplicationServices.framework/Versions/A/Frameworks/LangAnalysis.framework/Versions/A/LangAnalysis
0x0000000024e17000 	/System/Library/Frameworks/ApplicationServices.framework/Versions/A/Frameworks/PrintCore.framework/Versions/A/PrintCore
0x0000000024e17000 	/System/Library/Frameworks/ApplicationServices.framework/Versions/A/Frameworks/QD.framework/Versions/A/QD
0x0000000024e17000 	/System/Library/Frameworks/ApplicationServices.framework/Versions/A/Frameworks/SpeechSynthesis.framework/Versions/A/SpeechSynthesis
0x0000000024e17000 	/usr/lib/libcompression.dylib
0x0000000024e17000 	/System/Library/Frameworks/CoreDisplay.framework/Versions/A/CoreDisplay
0x0000000024e17000 	/System/Library/Frameworks/MetalPerformanceShaders.framework/Versions/A/MetalPerformanceShaders
0x0000000024e17000 	/System/Library/Frameworks/Accelerate.framework/Versions/A/Frameworks/vImage.framework/Versions/A/vImage
0x0000000024e17000 	/System/Library/Frameworks/Accelerate.framework/Versions/A/Frameworks/vecLib.framework/Versions/A/vecLib
0x0000000024e17000 	/System/Library/Frameworks/Accelerate.framework/Versions/A/Frameworks/vecLib.framework/Versions/A/libvMisc.dylib
0x0000000024e17000 	/System/Library/Frameworks/Accelerate.framework/Versions/A/Frameworks/vecLib.framework/Versions/A/libvDSP.dylib
0x0000000024e17000 	/System/Library/Frameworks/Accelerate.framework/Versions/A/Frameworks/vecLib.framework/Versions/A/libBLAS.dylib
0x0000000024e17000 	/System/Library/Frameworks/Accelerate.framework/Versions/A/Frameworks/vecLib.framework/Versions/A/libLAPACK.dylib
0x0000000024e17000 	/System/Library/Frameworks/Accelerate.framework/Versions/A/Frameworks/vecLib.framework/Versions/A/libLinearAlgebra.dylib
0x0000000024e17000 	/System/Library/Frameworks/Accelerate.framework/Versions/A/Frameworks/vecLib.framework/Versions/A/libSparseBLAS.dylib
0x0000000024e17000 	/System/Library/Frameworks/Accelerate.framework/Versions/A/Frameworks/vecLib.framework/Versions/A/libQuadrature.dylib
0x0000000024e17000 	/System/Library/Frameworks/Accelerate.framework/Versions/A/Frameworks/vecLib.framework/Versions/A/libBNNS.dylib
0x0000000024e17000 	/System/Library/Frameworks/Accelerate.framework/Versions/A/Frameworks/vecLib.framework/Versions/A/libSparse.dylib
0x0000000024e17000 	/System/Library/PrivateFrameworks/GPUWrangler.framework/Versions/A/GPUWrangler
0x0000000024e17000 	/System/Library/PrivateFrameworks/IOAccelerator.framework/Versions/A/IOAccelerator
0x0000000024e17000 	/System/Library/PrivateFrameworks/IOPresentment.framework/Versions/A/IOPresentment
0x0000000024e17000 	/System/Library/PrivateFrameworks/DSExternalDisplay.framework/Versions/A/DSExternalDisplay
0x0000000024e17000 	/System/Library/Frameworks/OpenGL.framework/Versions/A/Libraries/libCoreFSCache.dylib
0x0000000024e17000 	/System/Library/Frameworks/MetalPerformanceShaders.framework/Frameworks/MPSCore.framework/Versions/A/MPSCore
0x0000000024e17000 	/System/Library/Frameworks/MetalPerformanceShaders.framework/Frameworks/MPSImage.framework/Versions/A/MPSImage
0x0000000024e17000 	/System/Library/Frameworks/MetalPerformanceShaders.framework/Frameworks/MPSNeuralNetwork.framework/Versions/A/MPSNeuralNetwork
0x0000000024e17000 	/System/Library/Frameworks/MetalPerformanceShaders.framework/Frameworks/MPSMatrix.framework/Versions/A/MPSMatrix
0x0000000024e17000 	/System/Library/Frameworks/MetalPerformanceShaders.framework/Frameworks/MPSRayIntersector.framework/Versions/A/MPSRayIntersector
0x0000000024e17000 	/System/Library/PrivateFrameworks/MetalTools.framework/Versions/A/MetalTools
0x0000000024e17000 	/System/Library/PrivateFrameworks/AggregateDictionary.framework/Versions/A/AggregateDictionary
0x0000000024e17000 	/usr/lib/libMobileGestalt.dylib
0x0000000024e17000 	/System/Library/Frameworks/CoreVideo.framework/Versions/A/CoreVideo
0x0000000024e17000 	/System/Library/PrivateFrameworks/GraphVisualizer.framework/Versions/A/GraphVisualizer
0x0000000024e17000 	/System/Library/PrivateFrameworks/FaceCore.framework/Versions/A/FaceCore
0x0000000024e17000 	/System/Library/Frameworks/OpenCL.framework/Versions/A/OpenCL
0x0000000024e17000 	/usr/lib/libFosl_dynamic.dylib
0x0000000024e17000 	/System/Library/PrivateFrameworks/OTSVG.framework/Versions/A/OTSVG
0x0000000024e17000 	/System/Library/Frameworks/ApplicationServices.framework/Versions/A/Frameworks/ATS.framework/Versions/A/Resources/libFontParser.dylib
0x0000000024e17000 	/System/Library/Frameworks/ApplicationServices.framework/Versions/A/Frameworks/ATS.framework/Versions/A/Resources/libFontRegistry.dylib
0x0000000024e17000 	/System/Library/Frameworks/ImageIO.framework/Versions/A/Resources/libJPEG.dylib
0x0000000024e17000 	/System/Library/Frameworks/ImageIO.framework/Versions/A/Resources/libTIFF.dylib
0x0000000024e17000 	/System/Library/Frameworks/ImageIO.framework/Versions/A/Resources/libPng.dylib
0x0000000024e17000 	/System/Library/Frameworks/ImageIO.framework/Versions/A/Resources/libGIF.dylib
0x0000000024e17000 	/System/Library/Frameworks/ImageIO.framework/Versions/A/Resources/libJP2.dylib
0x0000000024e17000 	/System/Library/Frameworks/ImageIO.framework/Versions/A/Resources/libRadiance.dylib
0x0000000024e17000 	/System/Library/PrivateFrameworks/AppleJPEG.framework/Versions/A/AppleJPEG
0x0000000024e17000 	/System/Library/Frameworks/OpenGL.framework/Versions/A/Libraries/libGFXShared.dylib
0x0000000024e17000 	/System/Library/Frameworks/OpenGL.framework/Versions/A/Libraries/libGLU.dylib
0x0000000024e17000 	/System/Library/Frameworks/OpenGL.framework/Versions/A/Libraries/libGL.dylib
0x0000000024e17000 	/System/Library/Frameworks/OpenGL.framework/Versions/A/Libraries/libGLImage.dylib
0x0000000024e17000 	/System/Library/Frameworks/OpenGL.framework/Versions/A/Libraries/libCVMSPluginSupport.dylib
0x0000000024e17000 	/System/Library/Frameworks/OpenGL.framework/Versions/A/Libraries/libCoreVMClient.dylib
0x0000000024e17000 	/usr/lib/libcups.2.dylib
0x0000000024e17000 	/System/Library/Frameworks/Kerberos.framework/Versions/A/Kerberos
0x0000000024e17000 	/System/Library/Frameworks/GSS.framework/Versions/A/GSS
0x0000000024e17000 	/usr/lib/libresolv.9.dylib
0x0000000024e17000 	/usr/lib/libiconv.2.dylib
0x0000000024e17000 	/System/Library/PrivateFrameworks/Heimdal.framework/Versions/A/Heimdal
0x0000000024e17000 	/usr/lib/libheimdal-asn1.dylib
0x0000000024e17000 	/System/Library/Frameworks/OpenDirectory.framework/Versions/A/OpenDirectory
0x0000000024e17000 	/System/Library/PrivateFrameworks/CommonAuth.framework/Versions/A/CommonAuth
0x0000000024e17000 	/System/Library/Frameworks/OpenDirectory.framework/Versions/A/Frameworks/CFOpenDirectory.framework/Versions/A/CFOpenDirectory
0x0000000024e17000 	/System/Library/Frameworks/SecurityFoundation.framework/Versions/A/SecurityFoundation
0x0000000024e17000 	/System/Library/PrivateFrameworks/APFS.framework/Versions/A/APFS
0x0000000024e17000 	/usr/lib/libutil.dylib
0x0000000024e17000 	/usr/lib/libcharset.1.dylib
0x0000000024e17000 	/System/Library/PrivateFrameworks/AppleSauce.framework/Versions/A/AppleSauce
0x0000000024e17000 	/System/Library/PrivateFrameworks/AssertionServices.framework/Versions/A/AssertionServices
0x0000000024e17000 	/System/Library/PrivateFrameworks/BaseBoard.framework/Versions/A/BaseBoard
0x0000000024e17000 	/usr/lib/libmecab.1.0.0.dylib
0x0000000024e17000 	/usr/lib/libgermantok.dylib
0x0000000024e17000 	/usr/lib/libThaiTokenizer.dylib
0x0000000024e17000 	/usr/lib/libChineseTokenizer.dylib
0x0000000024e17000 	/System/Library/PrivateFrameworks/LanguageModeling.framework/Versions/A/LanguageModeling
0x0000000024e17000 	/System/Library/PrivateFrameworks/CoreEmoji.framework/Versions/A/CoreEmoji
0x0000000024e17000 	/System/Library/PrivateFrameworks/Lexicon.framework/Versions/A/Lexicon
0x0000000024e17000 	/System/Library/PrivateFrameworks/LinguisticData.framework/Versions/A/LinguisticData
0x0000000024e17000 	/usr/lib/libcmph.dylib
0x0000000024e17000 	/System/Library/Frameworks/ServiceManagement.framework/Versions/A/ServiceManagement
0x0000000024e17000 	/System/Library/PrivateFrameworks/BackgroundTaskManagement.framework/Versions/A/BackgroundTaskManagement
0x0000000024e17000 	/usr/lib/libxslt.1.dylib
0x0000000024e17000 	/System/Library/Frameworks/Carbon.framework/Versions/A/Frameworks/Ink.framework/Versions/A/Ink
0x0000000024e17000 	/System/Library/PrivateFrameworks/TextureIO.framework/Versions/A/TextureIO
0x0000000024e17000 	/usr/lib/libate.dylib
0x0000000024e17000 	/System/Library/PrivateFrameworks/CrashReporterSupport.framework/Versions/A/CrashReporterSupport
0x0000000024e17000 	/System/Library/PrivateFrameworks/Sharing.framework/Versions/A/Sharing
0x0000000024e17000 	/System/Library/PrivateFrameworks/AuthKit.framework/Versions/A/AuthKit
0x0000000024e17000 	/System/Library/PrivateFrameworks/Apple80211.framework/Versions/A/Apple80211
0x0000000024e17000 	/System/Library/PrivateFrameworks/CoreUtils.framework/Versions/A/CoreUtils
0x0000000024e17000 	/System/Library/Frameworks/CoreWLAN.framework/Versions/A/CoreWLAN
0x0000000024e17000 	/System/Library/Frameworks/IOBluetooth.framework/Versions/A/IOBluetooth
0x0000000024e17000 	/System/Library/PrivateFrameworks/ProtocolBuffer.framework/Versions/A/ProtocolBuffer
0x0000000024e17000 	/System/Library/PrivateFrameworks/MobileKeyBag.framework/Versions/A/MobileKeyBag
0x0000000024e17000 	/System/Library/PrivateFrameworks/CorePhoneNumbers.framework/Versions/A/CorePhoneNumbers
0x0000000024e17000 	/System/Library/PrivateFrameworks/AppleIDAuthSupport.framework/Versions/A/AppleIDAuthSupport
0x0000000024e17000 	/System/Library/PrivateFrameworks/KeychainCircle.framework/Versions/A/KeychainCircle
0x0000000024e17000 	/System/Library/PrivateFrameworks/ROCKit.framework/Versions/A/ROCKit
0x0000000024e17000 	/System/Library/PrivateFrameworks/CoreWiFi.framework/Versions/A/CoreWiFi
0x0000000024e17000 	/System/Library/Frameworks/CoreBluetooth.framework/Versions/A/CoreBluetooth
0x0000000024e17000 	/System/Library/PrivateFrameworks/DebugSymbols.framework/Versions/A/DebugSymbols
0x0000000024e17000 	/System/Library/PrivateFrameworks/CoreSymbolication.framework/Versions/A/CoreSymbolication
0x0000000024e17000 	/System/Library/PrivateFrameworks/Symbolication.framework/Versions/A/Symbolication
0x0000000024e17000 	/System/Library/PrivateFrameworks/SpeechRecognitionCore.framework/Versions/A/SpeechRecognitionCore
0x0000000024e17000 	/System/Library/CoreServices/Encodings/libSimplifiedChineseConverter.dylib
0x000000010e000000 	/Library/Java/JavaVirtualMachines/jdk1.8.0_91.jdk/Contents/Home/jre/lib/server/libjvm.dylib
0x0000000024e17000 	/usr/lib/libstdc++.6.dylib
0x000000010d77c000 	/Library/Java/JavaVirtualMachines/jdk1.8.0_91.jdk/Contents/Home/jre/lib/libverify.dylib
0x000000010d78a000 	/Library/Java/JavaVirtualMachines/jdk1.8.0_91.jdk/Contents/Home/jre/lib/libjava.dylib
0x000000010ef94000 	/Library/Java/JavaVirtualMachines/jdk1.8.0_91.jdk/Contents/Home/jre/lib/libjdwp.dylib
0x000000010d7c0000 	/Library/Java/JavaVirtualMachines/jdk1.8.0_91.jdk/Contents/Home/jre/lib/libnpt.dylib
0x000000010d7c4000 	/Library/Java/JavaVirtualMachines/jdk1.8.0_91.jdk/Contents/Home/jre/lib/libinstrument.dylib
0x000000010d7f1000 	/Library/Java/JavaVirtualMachines/jdk1.8.0_91.jdk/Contents/Home/jre/lib/libzip.dylib
0x0000000024e17000 	/System/Library/Frameworks/JavaVM.framework/Versions/A/Frameworks/JavaRuntimeSupport.framework/Versions/A/JavaRuntimeSupport
0x0000000024e17000 	/System/Library/Frameworks/JavaVM.framework/Versions/A/Frameworks/JavaNativeFoundation.framework/Versions/A/JavaNativeFoundation
0x0000000024e17000 	/System/Library/Frameworks/JavaVM.framework/Versions/A/JavaVM
0x0000000024e17000 	/System/Library/Frameworks/Carbon.framework/Versions/A/Carbon
0x0000000024e17000 	/System/Library/PrivateFrameworks/JavaLaunching.framework/Versions/A/JavaLaunching
0x0000000024e17000 	/System/Library/Frameworks/Carbon.framework/Versions/A/Frameworks/CommonPanels.framework/Versions/A/CommonPanels
0x0000000024e17000 	/System/Library/Frameworks/Carbon.framework/Versions/A/Frameworks/Help.framework/Versions/A/Help
0x0000000024e17000 	/System/Library/Frameworks/Carbon.framework/Versions/A/Frameworks/ImageCapture.framework/Versions/A/ImageCapture
0x0000000024e17000 	/System/Library/Frameworks/Carbon.framework/Versions/A/Frameworks/OpenScripting.framework/Versions/A/OpenScripting
0x0000000024e17000 	/System/Library/Frameworks/Carbon.framework/Versions/A/Frameworks/Print.framework/Versions/A/Print
0x0000000024e17000 	/System/Library/Frameworks/Carbon.framework/Versions/A/Frameworks/SecurityHI.framework/Versions/A/SecurityHI
0x0000000117377000 	/Library/Java/JavaVirtualMachines/jdk1.8.0_91.jdk/Contents/Home/jre/lib/libdt_socket.dylib
0x0000000117722000 	/Library/Java/JavaVirtualMachines/jdk1.8.0_91.jdk/Contents/Home/jre/lib/libmanagement.dylib
0x0000000117730000 	/Library/Java/JavaVirtualMachines/jdk1.8.0_91.jdk/Contents/Home/jre/lib/libnet.dylib
0x000000011778f000 	/Library/Java/JavaVirtualMachines/jdk1.8.0_91.jdk/Contents/Home/jre/lib/libnio.dylib

VM Arguments:
jvm_args: -agentlib:jdwp=transport=dt_socket,address=127.0.0.1:53083,suspend=y,server=n -XX:TieredStopAtLevel=1 -Xverify:none -Dspring.output.ansi.enabled=always -Dcom.sun.management.jmxremote -Dcom.sun.management.jmxremote.port=53082 -Dcom.sun.management.jmxremote.authenticate=false -Dcom.sun.management.jmxremote.ssl=false -Djava.rmi.server.hostname=127.0.0.1 -Dspring.liveBeansView.mbeanDomain -Dspring.application.admin.enabled=true -javaagent:/Users/mangues/Library/Caches/IntelliJIdea2018.2/captureAgent/debugger-agent.jar=file:/private/var/folders/96/4tcj22_d47b_kc_nh99870t00000gn/T/capture.props -Dfile.encoding=UTF-8 
java_command: com.mangues.searchdb.SearchdbApplication
java_class_path (initial): /Library/Java/JavaVirtualMachines/jdk1.8.0_91.jdk/Contents/Home/jre/lib/charsets.jar:/Library/Java/JavaVirtualMachines/jdk1.8.0_91.jdk/Contents/Home/jre/lib/deploy.jar:/Library/Java/JavaVirtualMachines/jdk1.8.0_91.jdk/Contents/Home/jre/lib/ext/cldrdata.jar:/Library/Java/JavaVirtualMachines/jdk1.8.0_91.jdk/Contents/Home/jre/lib/ext/dnsns.jar:/Library/Java/JavaVirtualMachines/jdk1.8.0_91.jdk/Contents/Home/jre/lib/ext/jaccess.jar:/Library/Java/JavaVirtualMachines/jdk1.8.0_91.jdk/Contents/Home/jre/lib/ext/jfxrt.jar:/Library/Java/JavaVirtualMachines/jdk1.8.0_91.jdk/Contents/Home/jre/lib/ext/localedata.jar:/Library/Java/JavaVirtualMachines/jdk1.8.0_91.jdk/Contents/Home/jre/lib/ext/nashorn.jar:/Library/Java/JavaVirtualMachines/jdk1.8.0_91.jdk/Contents/Home/jre/lib/ext/sunec.jar:/Library/Java/JavaVirtualMachines/jdk1.8.0_91.jdk/Contents/Home/jre/lib/ext/sunjce_provider.jar:/Library/Java/JavaVirtualMachines/jdk1.8.0_91.jdk/Contents/Home/jre/lib/ext/sunpkcs11.jar:/Library/Java/JavaVirtualMachines/jdk1.8.0_91.jdk/Contents/Home/jre/lib/ext/zipfs.jar:/Library/Java/JavaVirtualMachines/jdk1.8.0_91.jdk/Contents/Home/jre/lib/javaws.jar:/Library/Java/JavaVirtualMachines/jdk1.8.0_91.jdk/Contents/Home/jre/lib/jce.jar:/Library/Java/JavaVirtualMachines/jdk1.8.0_91.jdk/Contents/Home/jre/lib/jfr.jar:/Library/Java/JavaVirtualMachines/jdk1.8.0_91.jdk/Contents/Home/jre/lib/jfxswt.jar:/Library/Java/JavaVirtualMachines/jdk1.8.0_91.jdk/Contents/Home/jre/lib/jsse.jar:/Library/Java/JavaVirtualMachines/jdk1.8.0_91.jdk/Contents/Home/jre/lib/management-agent.jar:/Library/Java/JavaVirtualMachines/jdk1.8.0_91.jdk/Contents/Home/jre/lib/plugin.jar:/Library/Java/JavaVirtualMachines/jdk1.8.0_91.jdk/Contents/Home/jre/lib/resources.jar:/Library/Java/JavaVirtualMachines/jdk1.8.0_91.jdk/Contents/Home/jre/lib/rt.jar:/Library/Java/JavaVirtualMachines/jdk1.8.0_91.jdk/Contents/Home/lib/ant-javafx.jar:/Library/Java/JavaVirtualMachines/jdk1.8.0_91.jdk/Contents/Home/lib/dt.jar:/Library/Ja
Launcher Type: SUN_STANDARD

Environment Variables:
PATH=/usr/bin:/usr/local/Cellar/pyenv/1.0.10/libexec:/usr/local/var/pyenv/shims:/Users/mangues/.nvm/versions/node/v6.10.1/bin:/usr/local/apache-maven-3.3.9/bin:/usr/local/bin:/usr/bin:/bin:/usr/sbin:/sbin:/usr/local/MacGPG2/bin
SHELL=/bin/zsh

Signal Handlers:
SIGSEGV: [libjvm.dylib+0x5a97a1], sa_mask[0]=11111111011111110111111111111111, sa_flags=SA_ONSTACK|SA_RESTART|SA_SIGINFO
SIGBUS: [libjvm.dylib+0x5a97a1], sa_mask[0]=11111111011111110111111111111111, sa_flags=SA_RESTART|SA_SIGINFO
SIGFPE: [libjvm.dylib+0x482594], sa_mask[0]=11111111011111110111111111111111, sa_flags=SA_RESTART|SA_SIGINFO
SIGPIPE: [libjvm.dylib+0x482594], sa_mask[0]=11111111011111110111111111111111, sa_flags=SA_RESTART|SA_SIGINFO
SIGXFSZ: [libjvm.dylib+0x482594], sa_mask[0]=11111111011111110111111111111111, sa_flags=SA_RESTART|SA_SIGINFO
SIGILL: [libjvm.dylib+0x482594], sa_mask[0]=11111111011111110111111111111111, sa_flags=SA_RESTART|SA_SIGINFO
SIGUSR1: SIG_DFL, sa_mask[0]=00000000000000000000000000000000, sa_flags=none
SIGUSR2: [libjvm.dylib+0x4820b2], sa_mask[0]=00100000000000000000000000000000, sa_flags=SA_RESTART|SA_SIGINFO
SIGHUP: [libjvm.dylib+0x480689], sa_mask[0]=11111111011111110111111111111111, sa_flags=SA_RESTART|SA_SIGINFO
SIGINT: [libjvm.dylib+0x480689], sa_mask[0]=11111111011111110111111111111111, sa_flags=SA_RESTART|SA_SIGINFO
SIGTERM: [libjvm.dylib+0x480689], sa_mask[0]=11111111011111110111111111111111, sa_flags=SA_RESTART|SA_SIGINFO
SIGQUIT: [libjvm.dylib+0x480689], sa_mask[0]=11111111011111110111111111111111, sa_flags=SA_RESTART|SA_SIGINFO


---------------  S Y S T E M  ---------------

OS:Bsduname:Darwin 18.0.0 Darwin Kernel Version 18.0.0: Wed Aug 22 20:13:40 PDT 2018; root:xnu-4903.201.2~1/RELEASE_X86_64 x86_64
rlimit: STACK 8192k, CORE 0k, NPROC 709, NOFILE 10240, AS infinity
load average:5.70 4.42 4.00

CPU:total 4 (2 cores per cpu, 2 threads per core) family 6 model 61 stepping 4, cmov, cx8, fxsr, mmx, sse, sse2, sse3, ssse3, sse4.1, sse4.2, popcnt, avx, avx2, aes, clmul, erms, 3dnowpref, lzcnt, ht, tsc, tscinvbit, bmi1, bmi2, adx

Memory: 4k page, physical 8388608k(223992k free)

/proc/meminfo:


vm_info: Java HotSpot(TM) 64-Bit Server VM (25.91-b14) for bsd-amd64 JRE (1.8.0_91-b14), built on Apr  1 2016 01:03:00 by "java_re" with gcc 4.2.1 (Based on Apple Inc. build 5658) (LLVM build 2336.11.00)

time: Mon Dec  3 12:41:45 2018
elapsed time: 415 seconds (0d 0h 6m 55s)

